[LOG] System::create                           : Header version = 2.02.09. Current version = 2.02.09.
[LOG] Manager::init                            : maxchannels = 256 studioflags = 00000006 flags 00000000 extradriverdata 0000000000000000.
[LOG] SystemI::init                            : Initialize version=20209 (128289), maxchannels=256, flags=0x00020000
[LOG] SystemI::setOutputInternal               : Setting output to 'FMOD WASAPI Output'
[LOG] OutputWASAPI::init                       : Mix Format (WAVEFORMATEX): wFormatTag=0xFFFE, nChannels=2, nSamplesPerSec=48000, nAvgBytesPerSec=384000, nBlockAlign=8, wBitsPerSample=32, cbSize=22.
[LOG] OutputWASAPI::init                       : Mix Format (WAVEFORMATEXTENSIBLE): wValidBitsPerSample=32, dwChannelMask=0x00000003, SubFormat=00000003-0000-0010-8000-00AA00389B71.
[LOG] OutputWASAPI::init                       : Output buffer size: 4096 samples, latency: 0.00ms, period: 10.00ms, DSP buffer: 1024 * 4
[LOG] Thread::initThread                       : Init FMOD stream thread. Affinity: 0x4000000000000003, Priority: 0xFFFF7FFB, Stack Size: 98304, Semaphore: No, Sleep Time: 10, Looping: Yes.
[LOG] Thread::initThread                       : Init FMOD mixer thread. Affinity: 0x4000000000000001, Priority: 0xFFFF7FFA, Stack Size: 81920, Semaphore: No, Sleep Time: 0, Looping: Yes.
[LOG] AsyncManager::init                       : manager 000002375C40E238 isAsync 0 updatePeriod 0.02
[LOG] AsyncManager::init                       : done
[LOG] PlaybackSystem::init                     : 
[LOG] Thread::initThread                       : Init FMOD Studio sample load thread. Affinity: 0x4000000000000003, Priority: 0xFFFF7FFD, Stack Size: 98304, Semaphore: No, Sleep Time: 1, Looping: No.
[LOG] PlaybackSystem::init                     : done
[LOG] Thread::initThread                       : Init FMOD Studio bank load thread. Affinity: 0x4000000000000003, Priority: 0xFFFF7FFD, Stack Size: 98304, Semaphore: No, Sleep Time: 1, Looping: No.
[LOG] Manager::init                            : done.
[LOG] Manager::readBank                        : fileversion = 142, compatVersion = 140 (oldest = 44, newest = 142)
[LOG] Manager::readBank                        : fileversion = 142, compatVersion = 140 (oldest = 44, newest = 142)
[LOG] Manager::readBank                        : fileversion = 142, compatVersion = 140 (oldest = 44, newest = 142)
[LOG] PlaybackSystem::acquireMasterBus         : Setting master channel group format to 6
[LOG] SystemI::createSound                     : filename = FMOD/sniperaudio/Build/Desktop/Master.bank : mode 02010082
[LOG] SystemI::createSound                     : FMOD_NONBLOCKING specified.  Putting into queue to be opened asynchronously!
[LOG] Thread::initThread                       : Init FMOD nonblocking thread (0). Affinity: 0x4000000000000003, Priority: 0xFFFF7FFC, Stack Size: 114688, Semaphore: Yes, Sleep Time: 0, Looping: Yes.
[LOG] SystemI::createSound                     : setdata soundi = 00000236C623CF28 : node = 00000237CBDE13A0
[LOG] SystemI::createSound                     : add node to async list : head = 000002399BCBBEC8.  list count = 0
[LOG] SystemI::createSound                     : filename = FMOD/sniperaudio/Build/Desktop/Master.bank : mode 02010082
[LOG] SystemI::createSound                     : FMOD_NONBLOCKING specified.  Putting into queue to be opened asynchronously!
[LOG] SystemI::createSound                     : setdata soundi = 00000236C623D798 : node = 00000237CBDE1760
[LOG] SystemI::createSound                     : add node to async list : head = 000002399BCBBEC8.  list count = 1
[LOG] AsyncThread::threadFunc                  : Starting Asynchronous operation on sound 00000236C623CF28
[LOG] SystemI::createSoundInternal             :     Create name='FMOD/sniperaudio/Build/Desktop/Master.bank', mode=0x02010082
[LOG] SystemI::createSoundInternal             :     exinfo->cbsize             = 224
[LOG] SystemI::createSoundInternal             :     exinfo->length             = 5477856
[LOG] SystemI::createSoundInternal             :     exinfo->fileoffset         = 15360
[LOG] SystemI::createSoundInternal             :     exinfo->numsubsounds       = 1
[LOG] SystemI::createSoundInternal             :     exinfo->inclusionlist      = 00000237CBDE14B0
[LOG] SystemI::createSoundInternal             :     exinfo->inclusionlistnum   = 1
[LOG] SystemI::createSoundInternal             :     exinfo->suggestedsoundtype = 5
[LOG] SystemI::createSoundInternal             :     exinfo->initialseekpostype = 1
[LOG] SystemI::createSoundInternal             :     Stream 0/1: name='Bbq', format=5, channels=2, frequency=48000, lengthbytes=824128, lengthpcm=3132000, pcmblocksize=0, loopstart=0, loopend=0, mode=0x00000000, channelmask=0x00000000, channelorder=0, peakvolume=0.988525.
[LOG] Thread::initThread                       :     Init FMOD file thread. Affinity: 0x4000000000000003, Priority: 0xFFFF7FFC, Stack Size: 65536, Semaphore: No, Sleep Time: 10, Looping: Yes.
[LOG] AsyncThread::threadFunc                  : Finished Asynchronous operation on sound 00000236C623CF28
[LOG] AsyncThread::threadFunc                  : Starting Asynchronous operation on sound 00000236C623D798
[LOG] SystemI::createSoundInternal             :     Create name='FMOD/sniperaudio/Build/Desktop/Master.bank', mode=0x02010082
[LOG] SystemI::createSoundInternal             :     exinfo->cbsize             = 224
[LOG] SystemI::createSoundInternal             :     exinfo->length             = 5477856
[LOG] SystemI::createSoundInternal             :     exinfo->fileoffset         = 15360
[LOG] SystemI::createSoundInternal             :     exinfo->numsubsounds       = 1
[LOG] SystemI::createSoundInternal             :     exinfo->inclusionlist      = 00000237CBDE1870
[LOG] SystemI::createSoundInternal             :     exinfo->inclusionlistnum   = 1
[LOG] SystemI::createSoundInternal             :     exinfo->suggestedsoundtype = 5
[LOG] SystemI::createSoundInternal             :     exinfo->initialseekpostype = 1
[LOG] SystemI::createSoundInternal             :     Stream 0/1: name='烤肉曲', format=5, channels=2, frequency=48000, lengthbytes=227904, lengthpcm=864000, pcmblocksize=0, loopstart=0, loopend=0, mode=0x00000000, channelmask=0x00000000, channelorder=0, peakvolume=0.988525.
[LOG] AsyncThread::threadFunc                  : Finished Asynchronous operation on sound 00000236C623D798
[LOG] SystemI::createSound                     : filename = FMOD/sniperaudio/Build/Desktop/Master.bank : mode 02010082
[LOG] SystemI::createSound                     : FMOD_NONBLOCKING specified.  Putting into queue to be opened asynchronously!
[LOG] SystemI::createSound                     : setdata soundi = 000002375CDE0358 : node = 00000237AC7F22D0
[LOG] SystemI::createSound                     : add node to async list : head = 000002399BCBBEC8.  list count = 0
[LOG] AsyncThread::threadFunc                  : Starting Asynchronous operation on sound 000002375CDE0358
[LOG] SystemI::createSoundInternal             :     Create name='FMOD/sniperaudio/Build/Desktop/Master.bank', mode=0x02010082
[LOG] SystemI::createSoundInternal             :     exinfo->cbsize             = 224
[LOG] SystemI::createSoundInternal             :     exinfo->length             = 5477856
[LOG] SystemI::createSoundInternal             :     exinfo->fileoffset         = 15360
[LOG] SystemI::createSoundInternal             :     exinfo->numsubsounds       = 1
[LOG] SystemI::createSoundInternal             :     exinfo->inclusionlist      = 00000237AC7F23E0
[LOG] SystemI::createSoundInternal             :     exinfo->inclusionlistnum   = 1
[LOG] SystemI::createSoundInternal             :     exinfo->suggestedsoundtype = 5
[LOG] SystemI::createSoundInternal             :     exinfo->initialseekposition = 4800
[LOG] SystemI::createSoundInternal             :     exinfo->initialseekpostype = 1
[LOG] SystemI::createSoundInternal             :     Stream 0/1: name='Barbecue 6044_44_preview', format=5, channels=2, frequency=48000, lengthbytes=770400, lengthpcm=2875141, pcmblocksize=0, loopstart=0, loopend=0, mode=0x00000000, channelmask=0x00000000, channelorder=0, peakvolume=0.851135.
[LOG] AsyncThread::threadFunc                  : Finished Asynchronous operation on sound 000002375CDE0358
[LOG] SystemI::createSound                     : filename = FMOD/sniperaudio/Build/Desktop/Master.bank : mode 02010082
[LOG] SystemI::createSound                     : FMOD_NONBLOCKING specified.  Putting into queue to be opened asynchronously!
[LOG] SystemI::createSound                     : setdata soundi = 000002375CDE0D78 : node = 00000237AC7F2050
[LOG] SystemI::createSound                     : add node to async list : head = 000002399BCBBEC8.  list count = 0
[LOG] AsyncThread::threadFunc                  : Starting Asynchronous operation on sound 000002375CDE0D78
[LOG] SystemI::createSoundInternal             :     Create name='FMOD/sniperaudio/Build/Desktop/Master.bank', mode=0x02010082
[LOG] SystemI::createSoundInternal             :     exinfo->cbsize             = 224
[LOG] SystemI::createSoundInternal             :     exinfo->length             = 5477856
[LOG] SystemI::createSoundInternal             :     exinfo->fileoffset         = 15360
[LOG] SystemI::createSoundInternal             :     exinfo->numsubsounds       = 1
[LOG] SystemI::createSoundInternal             :     exinfo->inclusionlist      = 00000237AC7F2160
[LOG] SystemI::createSoundInternal             :     exinfo->inclusionlistnum   = 1
[LOG] SystemI::createSoundInternal             :     exinfo->suggestedsoundtype = 5
[LOG] SystemI::createSoundInternal             :     exinfo->initialseekposition = 4800
[LOG] SystemI::createSoundInternal             :     exinfo->initialseekpostype = 1
[LOG] SystemI::createSoundInternal             :     Stream 0/1: name='Barbecue 6044_44_preview', format=5, channels=2, frequency=48000, lengthbytes=770400, lengthpcm=2875141, pcmblocksize=0, loopstart=0, loopend=0, mode=0x00000000, channelmask=0x00000000, channelorder=0, peakvolume=0.851135.
[LOG] AsyncThread::threadFunc                  : Finished Asynchronous operation on sound 000002375CDE0D78
[LOG] SystemI::createSoundInternal             : Create name='', mode=0x02000202
[LOG] SystemI::createSoundInternal             : exinfo->cbsize             = 224
[LOG] SystemI::createSoundInternal             : exinfo->length             = 5477856
[LOG] SystemI::createSoundInternal             : exinfo->fileoffset         = 15360
[LOG] SystemI::createSoundInternal             : exinfo->numsubsounds       = 1
[LOG] SystemI::createSoundInternal             : exinfo->inclusionlist      = 000000E06FAAEFE8
[LOG] SystemI::createSoundInternal             : exinfo->inclusionlistnum   = 1
[LOG] SystemI::createSoundInternal             : exinfo->suggestedsoundtype = 5
[LOG] SystemI::createSoundInternal             : exinfo->useropen           = 00007FFEA39C33C0
[LOG] SystemI::createSoundInternal             : exinfo->userclose          = 00007FFEA39C3380
[LOG] SystemI::createSoundInternal             : exinfo->userread           = 00007FFEA39C34A0
[LOG] SystemI::createSoundInternal             : exinfo->userseek           = 00007FFEA39C3560
[LOG] SystemI::createSoundInternal             : exinfo->fileuserdata       = 0000023760D2E228
[LOG] SystemI::createSoundInternal             : exinfo->initialseekpostype = 1
[LOG] SystemI::DSPCodecPoolRegister            : register codec pool for pool type 5
[LOG] SystemI::createSoundInternal             : Sample 0/1: name='sndExplodeNewv2_3', format=5, channels=2, frequency=48000, lengthbytes=24544, lengthpcm=96000, pcmblocksize=0, loopstart=0, loopend=0, mode=0x00000000, channelmask=0x00000000, channelorder=0, peakvolume=0.626709.
[LOG] SystemI::createSoundInternal             : Create name='', mode=0x02000202
[LOG] SystemI::createSoundInternal             : exinfo->cbsize             = 224
[LOG] SystemI::createSoundInternal             : exinfo->length             = 5477856
[LOG] SystemI::createSoundInternal             : exinfo->fileoffset         = 15360
[LOG] SystemI::createSoundInternal             : exinfo->numsubsounds       = 1
[LOG] SystemI::createSoundInternal             : exinfo->inclusionlist      = 000000E06FAAEFE8
[LOG] SystemI::createSoundInternal             : exinfo->inclusionlistnum   = 1
[LOG] SystemI::createSoundInternal             : exinfo->suggestedsoundtype = 5
[LOG] SystemI::createSoundInternal             : exinfo->useropen           = 00007FFEA39C33C0
[LOG] SystemI::createSoundInternal             : exinfo->userclose          = 00007FFEA39C3380
[LOG] SystemI::createSoundInternal             : exinfo->userread           = 00007FFEA39C34A0
[LOG] SystemI::createSoundInternal             : exinfo->userseek           = 00007FFEA39C3560
[LOG] SystemI::createSoundInternal             : exinfo->fileuserdata       = 0000023760D2E228
[LOG] SystemI::createSoundInternal             : exinfo->initialseekpostype = 1
[LOG] SystemI::DSPCodecPoolRegister            : register codec pool for pool type 5
[LOG] SystemI::createSoundInternal             : Sample 0/1: name='clap', format=5, channels=2, frequency=48000, lengthbytes=1088, lengthpcm=9646, pcmblocksize=0, loopstart=0, loopend=0, mode=0x00000000, channelmask=0x00000000, channelorder=0, peakvolume=0.852076.
[LOG] SystemI::createSound                     : filename = FMOD/sniperaudio/Build/Desktop/Master.bank : mode 02010082
[LOG] SystemI::createSound                     : FMOD_NONBLOCKING specified.  Putting into queue to be opened asynchronously!
[LOG] SystemI::createSound                     : setdata soundi = 000002375CDE0868 : node = 00000237AC7F2410
[LOG] SystemI::createSound                     : add node to async list : head = 000002399BCBBEC8.  list count = 0
[LOG] AsyncThread::threadFunc                  : Starting Asynchronous operation on sound 000002375CDE0868
[LOG] SystemI::createSoundInternal             :     Create name='FMOD/sniperaudio/Build/Desktop/Master.bank', mode=0x02010082
[LOG] SystemI::createSoundInternal             :     exinfo->cbsize             = 224
[LOG] SystemI::createSoundInternal             :     exinfo->length             = 5477856
[LOG] SystemI::createSoundInternal             :     exinfo->fileoffset         = 15360
[LOG] SystemI::createSoundInternal             :     exinfo->numsubsounds       = 1
[LOG] SystemI::createSoundInternal             :     exinfo->inclusionlist      = 00000237AC7F2520
[LOG] SystemI::createSoundInternal             :     exinfo->inclusionlistnum   = 1
[LOG] SystemI::createSoundInternal             :     exinfo->suggestedsoundtype = 5
[LOG] SystemI::createSoundInternal             :     exinfo->initialseekposition = 4800
[LOG] SystemI::createSoundInternal             :     exinfo->initialseekpostype = 1
[LOG] SystemI::createSoundInternal             :     Stream 0/1: name='Barbecue 6044_44_preview', format=5, channels=2, frequency=48000, lengthbytes=770400, lengthpcm=2875141, pcmblocksize=0, loopstart=0, loopend=0, mode=0x00000000, channelmask=0x00000000, channelorder=0, peakvolume=0.851135.
[LOG] AsyncThread::threadFunc                  : Finished Asynchronous operation on sound 000002375CDE0868
[LOG] SystemI::createSound                     : filename = FMOD/sniperaudio/Build/Desktop/Master.bank : mode 02010082
[LOG] SystemI::createSound                     : FMOD_NONBLOCKING specified.  Putting into queue to be opened asynchronously!
[LOG] SystemI::createSound                     : setdata soundi = 000002375CDE06B8 : node = 00000237AC7F2190
[LOG] SystemI::createSound                     : add node to async list : head = 000002399BCBBEC8.  list count = 0
[LOG] AsyncThread::threadFunc                  : Starting Asynchronous operation on sound 000002375CDE06B8
[LOG] SystemI::createSoundInternal             :     Create name='FMOD/sniperaudio/Build/Desktop/Master.bank', mode=0x02010082
[LOG] SystemI::createSoundInternal             :     exinfo->cbsize             = 224
[LOG] SystemI::createSoundInternal             :     exinfo->length             = 5477856
[LOG] SystemI::createSoundInternal             :     exinfo->fileoffset         = 15360
[LOG] SystemI::createSoundInternal             :     exinfo->numsubsounds       = 1
[LOG] SystemI::createSoundInternal             :     exinfo->inclusionlist      = 00000237AC7F22A0
[LOG] SystemI::createSoundInternal             :     exinfo->inclusionlistnum   = 1
[LOG] SystemI::createSoundInternal             :     exinfo->suggestedsoundtype = 5
[LOG] SystemI::createSoundInternal             :     exinfo->initialseekposition = 4800
[LOG] SystemI::createSoundInternal             :     exinfo->initialseekpostype = 1
[LOG] SystemI::createSoundInternal             :     Stream 0/1: name='Barbecue 6044_44_preview', format=5, channels=2, frequency=48000, lengthbytes=770400, lengthpcm=2875141, pcmblocksize=0, loopstart=0, loopend=0, mode=0x00000000, channelmask=0x00000000, channelorder=0, peakvolume=0.851135.
[LOG] AsyncThread::threadFunc                  : Finished Asynchronous operation on sound 000002375CDE06B8
[LOG] SoundI::release                          : Barbecue 6044_44_preview (000002375CDE0358)
[LOG] SoundI::release                          :     Barbecue 6044_44_preview (0000023760402A98)
[LOG] SoundI::release                          :     Barbecue 6044_44_preview (0000023757506F28)
[LOG] SoundI::release                          : Barbecue 6044_44_preview (000002375CDE0D78)
[LOG] SoundI::release                          :     Barbecue 6044_44_preview (0000023760402758)
[LOG] SoundI::release                          :     Barbecue 6044_44_preview (0000023757506D78)
[LOG] SoundI::release                          : Barbecue 6044_44_preview (000002375CDE0868)
[LOG] SoundI::release                          :     Barbecue 6044_44_preview (00000238D7D70138)
[LOG] SoundI::release                          :     Barbecue 6044_44_preview (000002394345E088)
[LOG] SoundI::release                          : Barbecue 6044_44_preview (000002375CDE06B8)
[LOG] SoundI::release                          :     Barbecue 6044_44_preview (00000239634ECA48)
[LOG] SoundI::release                          :     Barbecue 6044_44_preview (00000238E7AA7908)
[LOG] SystemI::createSound                     : filename = FMOD/sniperaudio/Build/Desktop/Master.bank : mode 02010082
[LOG] SystemI::createSound                     : FMOD_NONBLOCKING specified.  Putting into queue to be opened asynchronously!
[LOG] SystemI::createSound                     : setdata soundi = 000002375CDE0868 : node = 00000237AC7F1F10
[LOG] SystemI::createSound                     : add node to async list : head = 000002399BCBBEC8.  list count = 0
[LOG] AsyncThread::threadFunc                  : Starting Asynchronous operation on sound 000002375CDE0868
[LOG] SystemI::createSoundInternal             :     Create name='FMOD/sniperaudio/Build/Desktop/Master.bank', mode=0x02010082
[LOG] SystemI::createSoundInternal             :     exinfo->cbsize             = 224
[LOG] SystemI::createSoundInternal             :     exinfo->length             = 5477856
[LOG] SystemI::createSoundInternal             :     exinfo->fileoffset         = 15360
[LOG] SystemI::createSoundInternal             :     exinfo->numsubsounds       = 1
[LOG] SystemI::createSoundInternal             :     exinfo->inclusionlist      = 00000237AC7F2020
[LOG] SystemI::createSoundInternal             :     exinfo->inclusionlistnum   = 1
[LOG] SystemI::createSoundInternal             :     exinfo->suggestedsoundtype = 5
[LOG] SystemI::createSoundInternal             :     exinfo->initialseekposition = 4800
[LOG] SystemI::createSoundInternal             :     exinfo->initialseekpostype = 1
[LOG] SystemI::createSoundInternal             :     Stream 0/1: name='Barbecue 6044_44_preview', format=5, channels=2, frequency=48000, lengthbytes=770400, lengthpcm=2875141, pcmblocksize=0, loopstart=0, loopend=0, mode=0x00000000, channelmask=0x00000000, channelorder=0, peakvolume=0.851135.
[LOG] AsyncThread::threadFunc                  : Finished Asynchronous operation on sound 000002375CDE0868
[LOG] SystemI::createSound                     : filename = FMOD/sniperaudio/Build/Desktop/Master.bank : mode 02010082
[LOG] SystemI::createSound                     : FMOD_NONBLOCKING specified.  Putting into queue to be opened asynchronously!
[LOG] SystemI::createSound                     : setdata soundi = 000002375CDE06B8 : node = 00000237AC7F2050
[LOG] SystemI::createSound                     : add node to async list : head = 000002399BCBBEC8.  list count = 0
[LOG] AsyncThread::threadFunc                  : Starting Asynchronous operation on sound 000002375CDE06B8
[LOG] SystemI::createSoundInternal             :     Create name='FMOD/sniperaudio/Build/Desktop/Master.bank', mode=0x02010082
[LOG] SystemI::createSoundInternal             :     exinfo->cbsize             = 224
[LOG] SystemI::createSoundInternal             :     exinfo->length             = 5477856
[LOG] SystemI::createSoundInternal             :     exinfo->fileoffset         = 15360
[LOG] SystemI::createSoundInternal             :     exinfo->numsubsounds       = 1
[LOG] SystemI::createSoundInternal             :     exinfo->inclusionlist      = 00000237AC7F2160
[LOG] SystemI::createSoundInternal             :     exinfo->inclusionlistnum   = 1
[LOG] SystemI::createSoundInternal             :     exinfo->suggestedsoundtype = 5
[LOG] SystemI::createSoundInternal             :     exinfo->initialseekposition = 4800
[LOG] SystemI::createSoundInternal             :     exinfo->initialseekpostype = 1
[LOG] SystemI::createSoundInternal             :     Create name='', mode=0x02000202
[LOG] SystemI::createSoundInternal             :     exinfo->cbsize             = 224
[LOG] SystemI::createSoundInternal             :     exinfo->length             = 5477856
[LOG] SystemI::createSoundInternal             :     exinfo->fileoffset         = 15360
[LOG] SystemI::createSoundInternal             :     exinfo->numsubsounds       = 1
[LOG] SystemI::createSoundInternal             :     exinfo->inclusionlist      = 000000E06FAAEFE8
[LOG] SystemI::createSoundInternal             :     exinfo->inclusionlistnum   = 1
[LOG] SystemI::createSoundInternal             :     exinfo->suggestedsoundtype = 5
[LOG] SystemI::createSoundInternal             :     exinfo->useropen           = 00007FFEA39C33C0
[LOG] SystemI::createSoundInternal             :     exinfo->userclose          = 00007FFEA39C3380
[LOG] SystemI::createSoundInternal             :     exinfo->userread           = 00007FFEA39C34A0
[LOG] SystemI::createSoundInternal             :     exinfo->userseek           = 00007FFEA39C3560
[LOG] SystemI::createSoundInternal             :     exinfo->fileuserdata       = 000002394D4890A8
[LOG] SystemI::createSoundInternal             :     exinfo->initialseekpostype = 1
[LOG] SystemI::createSoundInternal             :     Stream 0/1: name='Barbecue 6044_44_preview', format=5, channels=2, frequency=48000, lengthbytes=770400, lengthpcm=2875141, pcmblocksize=0, loopstart=0, loopend=0, mode=0x00000000, channelmask=0x00000000, channelorder=0, peakvolume=0.851135.
[LOG] SystemI::DSPCodecPoolRegister            :     register codec pool for pool type 5
[LOG] SystemI::createSoundInternal             :     Sample 0/1: name='BBQ_Error', format=5, channels=2, frequency=48000, lengthbytes=2112, lengthpcm=10483, pcmblocksize=0, loopstart=0, loopend=0, mode=0x00000000, channelmask=0x00000000, channelorder=0, peakvolume=0.087412.
[LOG] AsyncThread::threadFunc                  : Finished Asynchronous operation on sound 000002375CDE06B8
[LOG] SystemI::createSound                     : filename = FMOD/sniperaudio/Build/Desktop/Master.bank : mode 02010082
[LOG] SystemI::createSound                     : FMOD_NONBLOCKING specified.  Putting into queue to be opened asynchronously!
[LOG] SystemI::createSound                     : setdata soundi = 000002375CDE01A8 : node = 00000237AC7F2550
[LOG] SystemI::createSound                     : add node to async list : head = 000002399BCBBEC8.  list count = 0
[LOG] AsyncThread::threadFunc                  : Starting Asynchronous operation on sound 000002375CDE01A8
[LOG] SystemI::createSoundInternal             :     Create name='FMOD/sniperaudio/Build/Desktop/Master.bank', mode=0x02010082
[LOG] SystemI::createSoundInternal             :     exinfo->cbsize             = 224
[LOG] SystemI::createSoundInternal             :     exinfo->length             = 5477856
[LOG] SystemI::createSoundInternal             :     exinfo->fileoffset         = 15360
[LOG] SystemI::createSoundInternal             :     exinfo->numsubsounds       = 1
[LOG] SystemI::createSoundInternal             :     exinfo->inclusionlist      = 00000237AC7F2660
[LOG] SystemI::createSoundInternal             :     exinfo->inclusionlistnum   = 1
[LOG] SystemI::createSoundInternal             :     exinfo->suggestedsoundtype = 5
[LOG] SystemI::createSoundInternal             :     exinfo->initialseekposition = 4800
[LOG] SystemI::createSoundInternal             :     exinfo->initialseekpostype = 1
[LOG] SystemI::createSoundInternal             :     Stream 0/1: name='Barbecue 6044_44_preview', format=5, channels=2, frequency=48000, lengthbytes=770400, lengthpcm=2875141, pcmblocksize=0, loopstart=0, loopend=0, mode=0x00000000, channelmask=0x00000000, channelorder=0, peakvolume=0.851135.
[LOG] AsyncThread::threadFunc                  : Finished Asynchronous operation on sound 000002375CDE01A8
[LOG] SystemI::createSound                     : filename = FMOD/sniperaudio/Build/Desktop/Master.bank : mode 02010082
[LOG] SystemI::createSound                     : FMOD_NONBLOCKING specified.  Putting into queue to be opened asynchronously!
[LOG] SystemI::createSound                     : setdata soundi = 000002375CDE0A18 : node = 00000237AC7F22D0
[LOG] SystemI::createSound                     : add node to async list : head = 000002399BCBBEC8.  list count = 0
[LOG] AsyncThread::threadFunc                  : Starting Asynchronous operation on sound 000002375CDE0A18
[LOG] SystemI::createSoundInternal             :     Create name='FMOD/sniperaudio/Build/Desktop/Master.bank', mode=0x02010082
[LOG] SystemI::createSoundInternal             :     exinfo->cbsize             = 224
[LOG] SystemI::createSoundInternal             :     exinfo->length             = 5477856
[LOG] SystemI::createSoundInternal             :     exinfo->fileoffset         = 15360
[LOG] SystemI::createSoundInternal             :     exinfo->numsubsounds       = 1
[LOG] SystemI::createSoundInternal             :     exinfo->inclusionlist      = 00000237AC7F23E0
[LOG] SystemI::createSoundInternal             :     exinfo->inclusionlistnum   = 1
[LOG] SystemI::createSoundInternal             :     exinfo->suggestedsoundtype = 5
[LOG] SystemI::createSoundInternal             :     exinfo->initialseekposition = 4800
[LOG] SystemI::createSoundInternal             :     exinfo->initialseekpostype = 1
[LOG] SystemI::createSoundInternal             :     Stream 0/1: name='Barbecue 6044_44_preview', format=5, channels=2, frequency=48000, lengthbytes=770400, lengthpcm=2875141, pcmblocksize=0, loopstart=0, loopend=0, mode=0x00000000, channelmask=0x00000000, channelorder=0, peakvolume=0.851135.
[LOG] AsyncThread::threadFunc                  : Finished Asynchronous operation on sound 000002375CDE0A18
[LOG] SoundI::release                          : Barbecue 6044_44_preview (000002375CDE0868)
[LOG] SoundI::release                          :     Barbecue 6044_44_preview (0000023762A25968)
[LOG] SoundI::release                          :     Barbecue 6044_44_preview (00000236C623CBC8)
[LOG] SoundI::release                          : Barbecue 6044_44_preview (000002375CDE06B8)
[LOG] SoundI::release                          :     Barbecue 6044_44_preview (0000023762A235A8)
[LOG] SoundI::release                          :     Barbecue 6044_44_preview (00000236C623D0D8)
[LOG] SoundI::release                          : Barbecue 6044_44_preview (000002375CDE01A8)
[LOG] SoundI::release                          :     Barbecue 6044_44_preview (00000238D7D70138)
[LOG] SoundI::release                          :     Barbecue 6044_44_preview (0000023757506D78)
[LOG] SoundI::release                          : Barbecue 6044_44_preview (000002375CDE0A18)
[LOG] SoundI::release                          :     Barbecue 6044_44_preview (00000238D7D70958)
[LOG] SoundI::release                          :     Barbecue 6044_44_preview (0000023757506F28)
[LOG] SystemI::createSound                     : filename = FMOD/sniperaudio/Build/Desktop/Master.bank : mode 02010082
[LOG] SystemI::createSound                     : FMOD_NONBLOCKING specified.  Putting into queue to be opened asynchronously!
[LOG] SystemI::createSound                     : setdata soundi = 000002375CDE0A18 : node = 00000237AC7F1F10
[LOG] SystemI::createSound                     : add node to async list : head = 000002399BCBBEC8.  list count = 0
[LOG] AsyncThread::threadFunc                  : Starting Asynchronous operation on sound 000002375CDE0A18
[LOG] SystemI::createSoundInternal             :     Create name='FMOD/sniperaudio/Build/Desktop/Master.bank', mode=0x02010082
[LOG] SystemI::createSoundInternal             :     exinfo->cbsize             = 224
[LOG] SystemI::createSoundInternal             :     exinfo->length             = 5477856
[LOG] SystemI::createSoundInternal             :     exinfo->fileoffset         = 15360
[LOG] SystemI::createSoundInternal             :     exinfo->numsubsounds       = 1
[LOG] SystemI::createSoundInternal             :     exinfo->inclusionlist      = 00000237AC7F2020
[LOG] SystemI::createSoundInternal             :     exinfo->inclusionlistnum   = 1
[LOG] SystemI::createSoundInternal             :     exinfo->suggestedsoundtype = 5
[LOG] SystemI::createSoundInternal             :     exinfo->initialseekposition = 4800
[LOG] SystemI::createSoundInternal             :     exinfo->initialseekpostype = 1
[LOG] SystemI::createSoundInternal             :     Stream 0/1: name='Barbecue 6044_44_preview', format=5, channels=2, frequency=48000, lengthbytes=770400, lengthpcm=2875141, pcmblocksize=0, loopstart=0, loopend=0, mode=0x00000000, channelmask=0x00000000, channelorder=0, peakvolume=0.851135.
[LOG] AsyncThread::threadFunc                  : Finished Asynchronous operation on sound 000002375CDE0A18
[LOG] SystemI::createSound                     : filename = FMOD/sniperaudio/Build/Desktop/Master.bank : mode 02010082
[LOG] SystemI::createSound                     : FMOD_NONBLOCKING specified.  Putting into queue to be opened asynchronously!
[LOG] SystemI::createSound                     : setdata soundi = 00000238E7AA73F8 : node = 000002375B16C330
[LOG] SystemI::createSound                     : add node to async list : head = 000002399BCBBEC8.  list count = 0
[LOG] AsyncThread::threadFunc                  : Starting Asynchronous operation on sound 00000238E7AA73F8
[LOG] SystemI::createSoundInternal             :     Create name='FMOD/sniperaudio/Build/Desktop/Master.bank', mode=0x02010082
[LOG] SystemI::createSoundInternal             :     exinfo->cbsize             = 224
[LOG] SystemI::createSoundInternal             :     exinfo->length             = 5477856
[LOG] SystemI::createSoundInternal             :     exinfo->fileoffset         = 15360
[LOG] SystemI::createSoundInternal             :     exinfo->numsubsounds       = 1
[LOG] SystemI::createSoundInternal             :     exinfo->inclusionlist      = 000002375B16C440
[LOG] SystemI::createSoundInternal             :     exinfo->inclusionlistnum   = 1
[LOG] SystemI::createSoundInternal             :     exinfo->suggestedsoundtype = 5
[LOG] SystemI::createSoundInternal             :     exinfo->initialseekposition = 4800
[LOG] SystemI::createSoundInternal             :     exinfo->initialseekpostype = 1
[LOG] SystemI::createSoundInternal             :     Stream 0/1: name='Barbecue 6044_44_preview', format=5, channels=2, frequency=48000, lengthbytes=770400, lengthpcm=2875141, pcmblocksize=0, loopstart=0, loopend=0, mode=0x00000000, channelmask=0x00000000, channelorder=0, peakvolume=0.851135.
[LOG] AsyncThread::threadFunc                  : Finished Asynchronous operation on sound 00000238E7AA73F8
[LOG] SystemI::createSound                     : filename = FMOD/sniperaudio/Build/Desktop/Master.bank : mode 02010082
[LOG] SystemI::createSound                     : FMOD_NONBLOCKING specified.  Putting into queue to be opened asynchronously!
[LOG] SystemI::createSound                     : setdata soundi = 00000236C623D948 : node = 00000237CBDE0FE0
[LOG] SystemI::createSound                     : add node to async list : head = 000002399BCBBEC8.  list count = 0
[LOG] AsyncThread::threadFunc                  : Starting Asynchronous operation on sound 00000236C623D948
[LOG] SystemI::createSoundInternal             :     Create name='FMOD/sniperaudio/Build/Desktop/Master.bank', mode=0x02010082
[LOG] SystemI::createSoundInternal             :     exinfo->cbsize             = 224
[LOG] SystemI::createSoundInternal             :     exinfo->length             = 5477856
[LOG] SystemI::createSoundInternal             :     exinfo->fileoffset         = 15360
[LOG] SystemI::createSoundInternal             :     exinfo->numsubsounds       = 1
[LOG] SystemI::createSoundInternal             :     exinfo->inclusionlist      = 00000237CBDE10F0
[LOG] SystemI::createSoundInternal             :     exinfo->inclusionlistnum   = 1
[LOG] SystemI::createSoundInternal             :     exinfo->suggestedsoundtype = 5
[LOG] SystemI::createSoundInternal             :     exinfo->initialseekposition = 4800
[LOG] SystemI::createSoundInternal             :     exinfo->initialseekpostype = 1
[LOG] SystemI::createSoundInternal             :     Stream 0/1: name='Barbecue 6044_44_preview', format=5, channels=2, frequency=48000, lengthbytes=770400, lengthpcm=2875141, pcmblocksize=0, loopstart=0, loopend=0, mode=0x00000000, channelmask=0x00000000, channelorder=0, peakvolume=0.851135.
[LOG] AsyncThread::threadFunc                  : Finished Asynchronous operation on sound 00000236C623D948
[LOG] SystemI::createSound                     : filename = FMOD/sniperaudio/Build/Desktop/Master.bank : mode 02010082
[LOG] SystemI::createSound                     : FMOD_NONBLOCKING specified.  Putting into queue to be opened asynchronously!
[LOG] SystemI::createSound                     : setdata soundi = 00000236C623D0D8 : node = 00000237CBDE1120
[LOG] SystemI::createSound                     : add node to async list : head = 000002399BCBBEC8.  list count = 0
[LOG] AsyncThread::threadFunc                  : Starting Asynchronous operation on sound 00000236C623D0D8
[LOG] SystemI::createSoundInternal             :     Create name='FMOD/sniperaudio/Build/Desktop/Master.bank', mode=0x02010082
[LOG] SystemI::createSoundInternal             :     exinfo->cbsize             = 224
[LOG] SystemI::createSoundInternal             :     exinfo->length             = 5477856
[LOG] SystemI::createSoundInternal             :     exinfo->fileoffset         = 15360
[LOG] SystemI::createSoundInternal             :     exinfo->numsubsounds       = 1
[LOG] SystemI::createSoundInternal             :     exinfo->inclusionlist      = 00000237CBDE1230
[LOG] SystemI::createSoundInternal             :     exinfo->inclusionlistnum   = 1
[LOG] SystemI::createSoundInternal             :     exinfo->suggestedsoundtype = 5
[LOG] SystemI::createSoundInternal             :     exinfo->initialseekposition = 4800
[LOG] SystemI::createSoundInternal             :     exinfo->initialseekpostype = 1
[LOG] SystemI::createSoundInternal             :     Stream 0/1: name='Barbecue 6044_44_preview', format=5, channels=2, frequency=48000, lengthbytes=770400, lengthpcm=2875141, pcmblocksize=0, loopstart=0, loopend=0, mode=0x00000000, channelmask=0x00000000, channelorder=0, peakvolume=0.851135.
[LOG] AsyncThread::threadFunc                  : Finished Asynchronous operation on sound 00000236C623D0D8
[LOG] SoundI::release                          : Barbecue 6044_44_preview (000002375CDE0A18)
[LOG] SoundI::release                          :     Barbecue 6044_44_preview (0000023762A27B88)
[LOG] SoundI::release                          :     Barbecue 6044_44_preview (00000236C623C1A8)
[LOG] SoundI::release                          : Barbecue 6044_44_preview (00000238E7AA73F8)
[LOG] SoundI::release                          :     Barbecue 6044_44_preview (00000239640BB438)
[LOG] SoundI::release                          :     Barbecue 6044_44_preview (00000238E03ECDB8)
[LOG] SoundI::release                          : Barbecue 6044_44_preview (00000236C623D948)
[LOG] SoundI::release                          :     Barbecue 6044_44_preview (00000239640BCE38)
[LOG] SoundI::release                          :     Barbecue 6044_44_preview (00000238E03ED118)
[LOG] SoundI::release                          : Barbecue 6044_44_preview (00000236C623D0D8)
[LOG] SoundI::release                          :     Barbecue 6044_44_preview (00000239640BA598)
[LOG] SoundI::release                          :     Barbecue 6044_44_preview (00000238E03ED2C8)
[LOG] SoundI::release                          : 烤肉曲 (00000236C623D798)
[LOG] SoundI::release                          :     烤肉曲 (0000023762A27EC8)
[LOG] SoundI::release                          :     烤肉曲 (00000236C623C358)
[LOG] SoundI::release                          : Bbq (00000236C623CF28)
[LOG] SoundI::release                          :     Bbq (000002397B52D418)
[LOG] SoundI::release                          :     Bbq (00000238D77827E8)
[LOG] SoundI::release                          :  (000002382FE4A388)
[LOG] SoundI::release                          :     sndExplodeNewv2_3 (0000023762A26B48)
[LOG] SoundI::release                          :  (000002382FE4B078)
[LOG] SoundI::release                          :     clap (0000023762A24108)
[LOG] SoundI::release                          :  (00000237ACDCBB18)
[LOG] SoundI::release                          :     BBQ_Error (000002390EB7BA48)
[LOG] Thread::callback                         : FMOD Studio update thread finished.
[LOG] Thread::callback                         : FMOD Studio bank load thread finished.
[LOG] Profile::disconnectAll                   : Profiler disconnecting all clients
[LOG] Thread::callback                         : FMOD Studio sample load thread finished.
[LOG] LiveUpdate::release                      : 
[LOG] LiveUpdate::reset                        : Reset connection (reason Disconnected)
[LOG] Thread::callback                         : FMOD stream thread finished.
[LOG] Thread::callback                         : FMOD mixer thread finished.
[LOG] Profile::disconnectAll                   : Profiler disconnecting all clients
[LOG] SystemI::close                           : Closed.
[LOG] Manager::readBank                        : fileversion = 142, compatVersion = 140 (oldest = 44, newest = 142)
[LOG] Manager::readBank                        : fileversion = 142, compatVersion = 140 (oldest = 44, newest = 142)
[LOG] Manager::readBank                        : fileversion = 142, compatVersion = 140 (oldest = 44, newest = 142)
[LOG] PlaybackSystem::acquireMasterBus         : Setting master channel group format to 6
[LOG] Manager::readBank                        : fileversion = 142, compatVersion = 140 (oldest = 44, newest = 142)
[LOG] Manager::readBank                        : fileversion = 142, compatVersion = 140 (oldest = 44, newest = 142)
[LOG] Manager::readBank                        : fileversion = 142, compatVersion = 140 (oldest = 44, newest = 142)
[LOG] PlaybackSystem::acquireMasterBus         : Setting master channel group format to 6
[LOG] Manager::readBank                        : fileversion = 142, compatVersion = 140 (oldest = 44, newest = 142)
[LOG] Manager::readBank                        : fileversion = 142, compatVersion = 140 (oldest = 44, newest = 142)
[LOG] Manager::readBank                        : fileversion = 142, compatVersion = 140 (oldest = 44, newest = 142)
[LOG] PlaybackSystem::acquireMasterBus         : Setting master channel group format to 6
[LOG] Thread::callback                         : FMOD Studio bank load thread finished.
[LOG] Thread::callback                         : FMOD Studio sample load thread finished.
[LOG] LiveUpdate::release                      : 
[LOG] LiveUpdate::reset                        : Reset connection (reason Disconnected)
[LOG] Thread::callback                         : FMOD stream thread finished.
[LOG] Thread::callback                         : FMOD mixer thread finished.
[LOG] SystemI::close                           : Closed.
[LOG] Thread::callback                         : FMOD nonblocking thread (0) finished.
[LOG] Thread::callback                         : FMOD file thread finished.
